<?xml version="1.0" encoding="UTF-8"?>
<robot generator="Robot 6.0.1 (Python 3.11.0 on win32)" generated="20230329 12:09:29.667" rpa="false" schemaversion="3">
<suite id="s1" name="RobotFrameworkPOM" source="D:\PycharmProjects\RobotFrameworkPOM">
<suite id="s1-s1" name="TestCases" source="D:\PycharmProjects\RobotFrameworkPOM\TestCases">
<suite id="s1-s1-s1" name="Runner" source="D:\PycharmProjects\RobotFrameworkPOM\TestCases\Runner.robot">
<test id="s1-s1-s1-t1" name="Runner" line="7">
<kw name="Login Test" library="LoginTest">
<kw name="Open The Browser" library="LoginKeywords">
<arg>${url}</arg>
<arg>${browserName}</arg>
<arg>${driverPath}</arg>
<kw name="Open Browser" library="SeleniumLibrary">
<arg>${url}</arg>
<arg>${browserName}</arg>
<arg>executablepath=${driver_path}</arg>
<doc>Opens a new browser instance to the optional ``url``.</doc>
<msg timestamp="20230329 12:09:30.164" level="INFO">Opening browser 'Chrome' to base url 'https://opensource-demo.orangehrmlive.com/web/index.php/auth/login'.</msg>
<status status="PASS" starttime="20230329 12:09:30.163" endtime="20230329 12:09:49.350"/>
</kw>
<kw name="Maximize Browser Window" library="SeleniumLibrary">
<doc>Maximizes current browser window.</doc>
<status status="PASS" starttime="20230329 12:09:49.351" endtime="20230329 12:09:49.477"/>
</kw>
<kw name="Set Selenium Implicit Wait" library="SeleniumLibrary">
<arg>10 seconds</arg>
<doc>Sets the implicit wait value used by Selenium.</doc>
<status status="PASS" starttime="20230329 12:09:49.477" endtime="20230329 12:09:49.481"/>
</kw>
<status status="PASS" starttime="20230329 12:09:30.162" endtime="20230329 12:09:49.482"/>
</kw>
<kw name="Enter Username" library="LoginKeywords">
<arg>${username}</arg>
<kw name="Input Text" library="SeleniumLibrary">
<arg>${loginUsernameLocator}</arg>
<arg>${value}</arg>
<doc>Types the given ``text`` into the text field identified by ``locator``.</doc>
<msg timestamp="20230329 12:09:49.486" level="INFO">Typing text 'Admin' into text field 'name:username'.</msg>
<status status="PASS" starttime="20230329 12:09:49.484" endtime="20230329 12:09:50.209"/>
</kw>
<status status="PASS" starttime="20230329 12:09:49.483" endtime="20230329 12:09:50.209"/>
</kw>
<kw name="Enter Password" library="LoginKeywords">
<arg>${password}</arg>
<kw name="Input Text" library="SeleniumLibrary">
<arg>${loginPasswordLocator}</arg>
<arg>${value}</arg>
<doc>Types the given ``text`` into the text field identified by ``locator``.</doc>
<msg timestamp="20230329 12:09:50.212" level="INFO">Typing text 'admin123' into text field 'name:password'.</msg>
<status status="PASS" starttime="20230329 12:09:50.210" endtime="20230329 12:09:50.361"/>
</kw>
<status status="PASS" starttime="20230329 12:09:50.209" endtime="20230329 12:09:50.361"/>
</kw>
<kw name="Click Login" library="LoginKeywords">
<kw name="Click Element" library="SeleniumLibrary">
<arg>${loginButtonLocator}</arg>
<doc>Click the element identified by ``locator``.</doc>
<msg timestamp="20230329 12:09:50.363" level="INFO">Clicking element 'xpath://button[@type='submit']'.</msg>
<status status="PASS" starttime="20230329 12:09:50.362" endtime="20230329 12:09:52.094"/>
</kw>
<status status="PASS" starttime="20230329 12:09:50.361" endtime="20230329 12:09:52.095"/>
</kw>
<kw name="Set Selenium Implicit Wait" library="SeleniumLibrary">
<arg>10 seconds</arg>
<doc>Sets the implicit wait value used by Selenium.</doc>
<status status="PASS" starttime="20230329 12:09:52.096" endtime="20230329 12:09:52.099"/>
</kw>
<kw name="Verify Successful Login" library="LoginKeywords">
<kw name="Element Should Be Visible" library="SeleniumLibrary">
<arg>${profileDropdown}</arg>
<doc>Verifies that the element identified by ``locator`` is visible.</doc>
<msg timestamp="20230329 12:09:52.664" level="INFO">Element 'xpath://li[@class='oxd-userdropdown']' is displayed.</msg>
<status status="PASS" starttime="20230329 12:09:52.101" endtime="20230329 12:09:52.664"/>
</kw>
<status status="PASS" starttime="20230329 12:09:52.100" endtime="20230329 12:09:52.664"/>
</kw>
<status status="PASS" starttime="20230329 12:09:30.161" endtime="20230329 12:09:52.665"/>
</kw>
<kw name="Add Recruitment Candidate" library="RecruitmentTest">
<kw name="Click On Recruitment" library="RecruitmentKeywords">
<kw name="Click Element" library="SeleniumLibrary">
<arg>${recruitmentLinkLocator}</arg>
<doc>Click the element identified by ``locator``.</doc>
<msg timestamp="20230329 12:09:52.668" level="INFO">Clicking element 'xpath://span[contains(text(),'Recruitment')]'.</msg>
<msg timestamp="20230329 12:10:02.970" level="INFO" html="true">&lt;/td&gt;&lt;/tr&gt;&lt;tr&gt;&lt;td colspan="3"&gt;&lt;a href="selenium-screenshot-10.png"&gt;&lt;img src="selenium-screenshot-10.png" width="800px"&gt;&lt;/a&gt;</msg>
<msg timestamp="20230329 12:10:02.971" level="FAIL">Element with locator 'xpath://span[contains(text(),'Recruitment')]' not found.</msg>
<status status="FAIL" starttime="20230329 12:09:52.667" endtime="20230329 12:10:02.984"/>
</kw>
<kw name="Sleep" library="BuiltIn">
<arg>5</arg>
<doc>Pauses the test executed for the given time.</doc>
<status status="NOT RUN" starttime="20230329 12:10:02.984" endtime="20230329 12:10:02.984"/>
</kw>
<status status="FAIL" starttime="20230329 12:09:52.666" endtime="20230329 12:10:02.986"/>
</kw>
<kw name="Click On Add Button" library="RecruitmentKeywords">
<status status="NOT RUN" starttime="20230329 12:10:02.987" endtime="20230329 12:10:02.987"/>
</kw>
<status status="FAIL" starttime="20230329 12:09:52.666" endtime="20230329 12:10:02.987"/>
</kw>
<status status="FAIL" starttime="20230329 12:09:30.160" endtime="20230329 12:10:02.988">Element with locator 'xpath://span[contains(text(),'Recruitment')]' not found.</status>
</test>
<status status="FAIL" starttime="20230329 12:09:29.728" endtime="20230329 12:10:02.992"/>
</suite>
<status status="FAIL" starttime="20230329 12:09:29.723" endtime="20230329 12:10:02.998"/>
</suite>
<status status="FAIL" starttime="20230329 12:09:29.673" endtime="20230329 12:10:03.001"/>
</suite>
<statistics>
<total>
<stat pass="0" fail="1" skip="0">All Tests</stat>
</total>
<tag>
</tag>
<suite>
<stat pass="0" fail="1" skip="0" id="s1" name="RobotFrameworkPOM">RobotFrameworkPOM</stat>
<stat pass="0" fail="1" skip="0" id="s1-s1" name="TestCases">RobotFrameworkPOM.TestCases</stat>
<stat pass="0" fail="1" skip="0" id="s1-s1-s1" name="Runner">RobotFrameworkPOM.TestCases.Runner</stat>
</suite>
</statistics>
<errors>
</errors>
</robot>
